<?xml version="1.0" encoding="UTF-8"?>
<!-- Generated by org.testng.reporters.JUnitXMLReporter -->
<testsuite ignored="3" hostname="DESKTOP-832A9CC" failures="0" tests="1" name="Default test" time="21.359" errors="0" timestamp="17 Oct 2021 05:01:09 GMT">
  <testcase classname="com.simplilearn.worshop.CustomerTests" name="positiveDepositTest" time="21.34"/>
  <testcase classname="com.simplilearn.worshop.CustomerTests" name="positiveLoginTest" time="0.0">
    <ignored/>
  </testcase> <!-- positiveLoginTest -->
  <testcase classname="com.simplilearn.worshop.CustomerTests" name="positiveWithdrawalTest" time="0.0">
    <ignored/>
  </testcase> <!-- positiveWithdrawalTest -->
  <testcase classname="com.simplilearn.worshop.CustomerTests" name="negativeLoginTest" time="0.0">
    <ignored/>
  </testcase> <!-- negativeLoginTest -->
</testsuite> <!-- Default test -->
