<?xml version="1.0" encoding="UTF-8"?>
<!-- Generated by org.testng.reporters.JUnitXMLReporter -->
<testsuite ignored="2" hostname="DESKTOP-832A9CC" failures="0" tests="1" name="Default test" time="21.722" errors="0" timestamp="17 Oct 2021 04:51:57 GMT">
  <testcase classname="com.simplilearn.worshop.CustomerTests" name="positiveWithdrawalTest" time="21.702"/>
  <testcase classname="com.simplilearn.worshop.CustomerTests" name="positiveLoginTest" time="0.0">
    <ignored/>
  </testcase> <!-- positiveLoginTest -->
  <testcase classname="com.simplilearn.worshop.CustomerTests" name="negativeLoginTest" time="0.0">
    <ignored/>
  </testcase> <!-- negativeLoginTest -->
</testsuite> <!-- Default test -->
