<?xml version="1.0" encoding="UTF-8"?>
<!-- Generated by org.testng.reporters.JUnitXMLReporter -->
<testsuite ignored="3" hostname="DESKTOP-832A9CC" failures="0" tests="1" name="Default test" time="19.247" errors="0" timestamp="17 Oct 2021 06:17:55 GMT">
  <testcase classname="com.simplilearn.worshop.AdminTests" name="positiveChequetAuthorizeTest" time="19.228"/>
  <testcase classname="com.simplilearn.worshop.AdminTests" name="positiveLoginTest" time="0.0">
    <ignored/>
  </testcase> <!-- positiveLoginTest -->
  <testcase classname="com.simplilearn.worshop.AdminTests" name="positiveOnlineAccountAuthorizeTest" time="0.0">
    <ignored/>
  </testcase> <!-- positiveOnlineAccountAuthorizeTest -->
  <testcase classname="com.simplilearn.worshop.AdminTests" name="negativeLoginTest" time="0.0">
    <ignored/>
  </testcase> <!-- negativeLoginTest -->
</testsuite> <!-- Default test -->
