<?xml version="1.0" encoding="UTF-8"?>
<testng-results ignored="2" total="3" passed="1" failed="0" skipped="0">
  <reporter-output>
  </reporter-output>
  <suite started-at="2021-10-17T04:51:35Z" name="Default suite" finished-at="2021-10-17T04:51:57Z" duration-ms="21722">
    <groups>
    </groups>
    <test started-at="2021-10-17T04:51:35Z" name="Default test" finished-at="2021-10-17T04:51:57Z" duration-ms="21722">
      <class name="com.simplilearn.worshop.CustomerTests">
        <test-method signature="positiveWithdrawalTest()[pri:0, instance:com.simplilearn.worshop.CustomerTests@6c372fe6]" started-at="2021-10-17T04:51:35Z" name="positiveWithdrawalTest" finished-at="2021-10-17T04:51:57Z" duration-ms="21702" status="PASS">
          <reporter-output>
          </reporter-output>
        </test-method> <!-- positiveWithdrawalTest -->
      </class> <!-- com.simplilearn.worshop.CustomerTests -->
    </test> <!-- Default test -->
  </suite> <!-- Default suite -->
</testng-results>
