<?xml version="1.0" encoding="UTF-8"?>
<testng-results ignored="0" total="2" passed="2" failed="0" skipped="0">
  <reporter-output>
  </reporter-output>
  <suite started-at="2021-10-17T04:24:13Z" name="Default suite" finished-at="2021-10-17T04:24:39Z" duration-ms="26153">
    <groups>
    </groups>
    <test started-at="2021-10-17T04:24:13Z" name="Default test" finished-at="2021-10-17T04:24:39Z" duration-ms="26153">
      <class name="com.simplilearn.worshop.CustomerTests">
        <test-method signature="negativeLoginTest()[pri:0, instance:com.simplilearn.worshop.CustomerTests@78a773fd]" started-at="2021-10-17T04:24:13Z" name="negativeLoginTest" finished-at="2021-10-17T04:24:26Z" duration-ms="13251" status="PASS">
          <reporter-output>
          </reporter-output>
        </test-method> <!-- negativeLoginTest -->
        <test-method signature="positiveLoginTest()[pri:0, instance:com.simplilearn.worshop.CustomerTests@78a773fd]" started-at="2021-10-17T04:24:26Z" name="positiveLoginTest" finished-at="2021-10-17T04:24:39Z" duration-ms="12878" status="PASS">
          <reporter-output>
          </reporter-output>
        </test-method> <!-- positiveLoginTest -->
      </class> <!-- com.simplilearn.worshop.CustomerTests -->
    </test> <!-- Default test -->
  </suite> <!-- Default suite -->
</testng-results>
